{"C:\\Users\\valrus1808\\OneDrive\\Робочий стіл\\навчання\\Kursova\\js\\Collisions.js": {"path":"C:\\Users\\valrus1808\\OneDrive\\Робочий стіл\\навчання\\Kursova\\js\\Collisions.js","statementMap":{"0":{"start":{"line":3,"column":6},"end":{"line":3,"column":30}},"1":{"start":{"line":4,"column":6},"end":{"line":4,"column":21}},"2":{"start":{"line":5,"column":6},"end":{"line":5,"column":22}},"3":{"start":{"line":8,"column":0},"end":{"line":8,"column":32}}},"fnMap":{"0":{"name":"(anonymous_0)","decl":{"start":{"line":2,"column":4},"end":{"line":2,"column":5}},"loc":{"start":{"line":2,"column":30},"end":{"line":6,"column":5}},"line":2}},"branchMap":{},"s":{"0":2,"1":2,"2":2,"3":1},"f":{"0":2},"b":{},"_coverageSchema":"1a1c01bbd47fc00a2c39e90264f33305004495a9","hash":"4c3ee58964d518545c4286ea4e6b6be261d4a766"}
,"C:\\Users\\valrus1808\\OneDrive\\Робочий стіл\\навчання\\Kursova\\js\\Player.js": {"path":"C:\\Users\\valrus1808\\OneDrive\\Робочий стіл\\навчання\\Kursova\\js\\Player.js","statementMap":{"0":{"start":{"line":1,"column":15},"end":{"line":1,"column":37}},"1":{"start":{"line":5,"column":6},"end":{"line":5,"column":54}},"2":{"start":{"line":6,"column":6},"end":{"line":9,"column":7}},"3":{"start":{"line":11,"column":6},"end":{"line":14,"column":7}},"4":{"start":{"line":16,"column":6},"end":{"line":18,"column":7}},"5":{"start":{"line":19,"column":6},"end":{"line":19,"column":22}},"6":{"start":{"line":21,"column":6},"end":{"line":21,"column":44}},"7":{"start":{"line":25,"column":6},"end":{"line":25,"column":40}},"8":{"start":{"line":27,"column":6},"end":{"line":27,"column":25}},"9":{"start":{"line":29,"column":6},"end":{"line":29,"column":41}},"10":{"start":{"line":30,"column":6},"end":{"line":30,"column":25}},"11":{"start":{"line":32,"column":6},"end":{"line":32,"column":25}},"12":{"start":{"line":33,"column":6},"end":{"line":33,"column":39}},"13":{"start":{"line":37,"column":6},"end":{"line":37,"column":35}},"14":{"start":{"line":37,"column":29},"end":{"line":37,"column":35}},"15":{"start":{"line":38,"column":6},"end":{"line":38,"column":25}},"16":{"start":{"line":39,"column":6},"end":{"line":61,"column":5}},"17":{"start":{"line":40,"column":8},"end":{"line":40,"column":37}},"18":{"start":{"line":41,"column":8},"end":{"line":41,"column":29}},"19":{"start":{"line":42,"column":8},"end":{"line":42,"column":36}},"20":{"start":{"line":43,"column":13},"end":{"line":61,"column":5}},"21":{"start":{"line":44,"column":8},"end":{"line":44,"column":36}},"22":{"start":{"line":45,"column":8},"end":{"line":45,"column":30}},"23":{"start":{"line":46,"column":8},"end":{"line":46,"column":35}},"24":{"start":{"line":47,"column":13},"end":{"line":61,"column":5}},"25":{"start":{"line":48,"column":8},"end":{"line":49,"column":43}},"26":{"start":{"line":48,"column":43},"end":{"line":48,"column":72}},"27":{"start":{"line":49,"column":13},"end":{"line":49,"column":43}},"28":{"start":{"line":50,"column":13},"end":{"line":61,"column":5}},"29":{"start":{"line":51,"column":8},"end":{"line":51,"column":40}},"30":{"start":{"line":52,"column":8},"end":{"line":52,"column":29}},"31":{"start":{"line":53,"column":8},"end":{"line":53,"column":36}},"32":{"start":{"line":54,"column":13},"end":{"line":61,"column":5}},"33":{"start":{"line":55,"column":8},"end":{"line":55,"column":39}},"34":{"start":{"line":56,"column":8},"end":{"line":56,"column":30}},"35":{"start":{"line":57,"column":8},"end":{"line":57,"column":35}},"36":{"start":{"line":58,"column":13},"end":{"line":61,"column":5}},"37":{"start":{"line":59,"column":8},"end":{"line":60,"column":46}},"38":{"start":{"line":59,"column":43},"end":{"line":59,"column":75}},"39":{"start":{"line":60,"column":13},"end":{"line":60,"column":46}},"40":{"start":{"line":64,"column":6},"end":{"line":64,"column":60}},"41":{"start":{"line":64,"column":54},"end":{"line":64,"column":60}},"42":{"start":{"line":65,"column":6},"end":{"line":65,"column":27}},"43":{"start":{"line":66,"column":6},"end":{"line":66,"column":46}},"44":{"start":{"line":67,"column":6},"end":{"line":67,"column":54}},"45":{"start":{"line":68,"column":6},"end":{"line":68,"column":58}},"46":{"start":{"line":69,"column":6},"end":{"line":69,"column":44}},"47":{"start":{"line":70,"column":6},"end":{"line":70,"column":51}},"48":{"start":{"line":71,"column":6},"end":{"line":76,"column":7}},"49":{"start":{"line":72,"column":6},"end":{"line":72,"column":54}},"50":{"start":{"line":74,"column":11},"end":{"line":76,"column":7}},"51":{"start":{"line":75,"column":8},"end":{"line":75,"column":56}},"52":{"start":{"line":81,"column":6},"end":{"line":88,"column":7}},"53":{"start":{"line":92,"column":6},"end":{"line":121,"column":7}},"54":{"start":{"line":92,"column":19},"end":{"line":92,"column":20}},"55":{"start":{"line":93,"column":31},"end":{"line":93,"column":54}},"56":{"start":{"line":96,"column":8},"end":{"line":120,"column":9}},"57":{"start":{"line":107,"column":10},"end":{"line":112,"column":11}},"58":{"start":{"line":108,"column":27},"end":{"line":108,"column":67}},"59":{"start":{"line":109,"column":12},"end":{"line":110,"column":78}},"60":{"start":{"line":111,"column":12},"end":{"line":111,"column":17}},"61":{"start":{"line":114,"column":10},"end":{"line":119,"column":11}},"62":{"start":{"line":116,"column":14},"end":{"line":116,"column":74}},"63":{"start":{"line":117,"column":12},"end":{"line":117,"column":71}},"64":{"start":{"line":118,"column":12},"end":{"line":118,"column":17}},"65":{"start":{"line":125,"column":6},"end":{"line":125,"column":37}},"66":{"start":{"line":126,"column":6},"end":{"line":126,"column":40}},"67":{"start":{"line":130,"column":6},"end":{"line":160,"column":7}},"68":{"start":{"line":130,"column":19},"end":{"line":130,"column":20}},"69":{"start":{"line":131,"column":31},"end":{"line":131,"column":54}},"70":{"start":{"line":134,"column":8},"end":{"line":159,"column":9}},"71":{"start":{"line":144,"column":10},"end":{"line":150,"column":11}},"72":{"start":{"line":145,"column":12},"end":{"line":145,"column":31}},"73":{"start":{"line":146,"column":27},"end":{"line":146,"column":67}},"74":{"start":{"line":147,"column":12},"end":{"line":148,"column":79}},"75":{"start":{"line":149,"column":12},"end":{"line":149,"column":17}},"76":{"start":{"line":152,"column":10},"end":{"line":158,"column":11}},"77":{"start":{"line":153,"column":12},"end":{"line":153,"column":31}},"78":{"start":{"line":155,"column":14},"end":{"line":155,"column":75}},"79":{"start":{"line":156,"column":12},"end":{"line":156,"column":71}},"80":{"start":{"line":157,"column":12},"end":{"line":157,"column":17}},"81":{"start":{"line":164,"column":2},"end":{"line":164,"column":26}}},"fnMap":{"0":{"name":"(anonymous_0)","decl":{"start":{"line":4,"column":4},"end":{"line":4,"column":5}},"loc":{"start":{"line":4,"column":81},"end":{"line":22,"column":5}},"line":4},"1":{"name":"(anonymous_1)","decl":{"start":{"line":24,"column":4},"end":{"line":24,"column":5}},"loc":{"start":{"line":24,"column":13},"end":{"line":34,"column":5}},"line":24},"2":{"name":"(anonymous_2)","decl":{"start":{"line":36,"column":4},"end":{"line":36,"column":5}},"loc":{"start":{"line":36,"column":22},"end":{"line":61,"column":6}},"line":36},"3":{"name":"(anonymous_3)","decl":{"start":{"line":63,"column":4},"end":{"line":63,"column":5}},"loc":{"start":{"line":63,"column":23},"end":{"line":78,"column":5}},"line":63},"4":{"name":"(anonymous_4)","decl":{"start":{"line":80,"column":4},"end":{"line":80,"column":5}},"loc":{"start":{"line":80,"column":19},"end":{"line":89,"column":5}},"line":80},"5":{"name":"(anonymous_5)","decl":{"start":{"line":91,"column":4},"end":{"line":91,"column":5}},"loc":{"start":{"line":91,"column":35},"end":{"line":122,"column":5}},"line":91},"6":{"name":"(anonymous_6)","decl":{"start":{"line":124,"column":4},"end":{"line":124,"column":5}},"loc":{"start":{"line":124,"column":19},"end":{"line":127,"column":5}},"line":124},"7":{"name":"(anonymous_7)","decl":{"start":{"line":129,"column":4},"end":{"line":129,"column":5}},"loc":{"start":{"line":129,"column":33},"end":{"line":161,"column":5}},"line":129}},"branchMap":{"0":{"loc":{"start":{"line":4,"column":18},"end":{"line":4,"column":38}},"type":"default-arg","locations":[{"start":{"line":4,"column":36},"end":{"line":4,"column":38}}],"line":4},"1":{"loc":{"start":{"line":37,"column":6},"end":{"line":37,"column":35}},"type":"if","locations":[{"start":{"line":37,"column":6},"end":{"line":37,"column":35}},{"start":{},"end":{}}],"line":37},"2":{"loc":{"start":{"line":39,"column":6},"end":{"line":61,"column":5}},"type":"if","locations":[{"start":{"line":39,"column":6},"end":{"line":61,"column":5}},{"start":{"line":43,"column":13},"end":{"line":61,"column":5}}],"line":39},"3":{"loc":{"start":{"line":39,"column":10},"end":{"line":39,"column":32}},"type":"binary-expr","locations":[{"start":{"line":39,"column":10},"end":{"line":39,"column":24}},{"start":{"line":39,"column":28},"end":{"line":39,"column":32}}],"line":39},"4":{"loc":{"start":{"line":43,"column":13},"end":{"line":61,"column":5}},"type":"if","locations":[{"start":{"line":43,"column":13},"end":{"line":61,"column":5}},{"start":{"line":47,"column":13},"end":{"line":61,"column":5}}],"line":43},"5":{"loc":{"start":{"line":43,"column":17},"end":{"line":43,"column":39}},"type":"binary-expr","locations":[{"start":{"line":43,"column":17},"end":{"line":43,"column":31}},{"start":{"line":43,"column":35},"end":{"line":43,"column":39}}],"line":43},"6":{"loc":{"start":{"line":47,"column":13},"end":{"line":61,"column":5}},"type":"if","locations":[{"start":{"line":47,"column":13},"end":{"line":61,"column":5}},{"start":{"line":50,"column":13},"end":{"line":61,"column":5}}],"line":47},"7":{"loc":{"start":{"line":48,"column":8},"end":{"line":49,"column":43}},"type":"if","locations":[{"start":{"line":48,"column":8},"end":{"line":49,"column":43}},{"start":{"line":49,"column":13},"end":{"line":49,"column":43}}],"line":48},"8":{"loc":{"start":{"line":50,"column":13},"end":{"line":61,"column":5}},"type":"if","locations":[{"start":{"line":50,"column":13},"end":{"line":61,"column":5}},{"start":{"line":54,"column":13},"end":{"line":61,"column":5}}],"line":50},"9":{"loc":{"start":{"line":50,"column":16},"end":{"line":50,"column":37}},"type":"binary-expr","locations":[{"start":{"line":50,"column":16},"end":{"line":50,"column":30}},{"start":{"line":50,"column":34},"end":{"line":50,"column":37}}],"line":50},"10":{"loc":{"start":{"line":54,"column":13},"end":{"line":61,"column":5}},"type":"if","locations":[{"start":{"line":54,"column":13},"end":{"line":61,"column":5}},{"start":{"line":58,"column":13},"end":{"line":61,"column":5}}],"line":54},"11":{"loc":{"start":{"line":54,"column":17},"end":{"line":54,"column":38}},"type":"binary-expr","locations":[{"start":{"line":54,"column":17},"end":{"line":54,"column":31}},{"start":{"line":54,"column":35},"end":{"line":54,"column":38}}],"line":54},"12":{"loc":{"start":{"line":58,"column":13},"end":{"line":61,"column":5}},"type":"if","locations":[{"start":{"line":58,"column":13},"end":{"line":61,"column":5}},{"start":{},"end":{}}],"line":58},"13":{"loc":{"start":{"line":59,"column":8},"end":{"line":60,"column":46}},"type":"if","locations":[{"start":{"line":59,"column":8},"end":{"line":60,"column":46}},{"start":{"line":60,"column":13},"end":{"line":60,"column":46}}],"line":59},"14":{"loc":{"start":{"line":64,"column":6},"end":{"line":64,"column":60}},"type":"if","locations":[{"start":{"line":64,"column":6},"end":{"line":64,"column":60}},{"start":{},"end":{}}],"line":64},"15":{"loc":{"start":{"line":71,"column":6},"end":{"line":76,"column":7}},"type":"if","locations":[{"start":{"line":71,"column":6},"end":{"line":76,"column":7}},{"start":{"line":74,"column":11},"end":{"line":76,"column":7}}],"line":71},"16":{"loc":{"start":{"line":71,"column":9},"end":{"line":71,"column":97}},"type":"binary-expr","locations":[{"start":{"line":71,"column":9},"end":{"line":71,"column":27}},{"start":{"line":71,"column":31},"end":{"line":71,"column":48}},{"start":{"line":71,"column":52},"end":{"line":71,"column":73}},{"start":{"line":71,"column":77},"end":{"line":71,"column":97}}],"line":71},"17":{"loc":{"start":{"line":74,"column":11},"end":{"line":76,"column":7}},"type":"if","locations":[{"start":{"line":74,"column":11},"end":{"line":76,"column":7}},{"start":{},"end":{}}],"line":74},"18":{"loc":{"start":{"line":74,"column":14},"end":{"line":74,"column":106}},"type":"binary-expr","locations":[{"start":{"line":74,"column":14},"end":{"line":74,"column":32}},{"start":{"line":74,"column":36},"end":{"line":74,"column":55}},{"start":{"line":74,"column":59},"end":{"line":74,"column":80}},{"start":{"line":74,"column":84},"end":{"line":74,"column":106}}],"line":74},"19":{"loc":{"start":{"line":96,"column":8},"end":{"line":120,"column":9}},"type":"if","locations":[{"start":{"line":96,"column":8},"end":{"line":120,"column":9}},{"start":{},"end":{}}],"line":96},"20":{"loc":{"start":{"line":97,"column":10},"end":{"line":104,"column":61}},"type":"binary-expr","locations":[{"start":{"line":97,"column":10},"end":{"line":98,"column":60}},{"start":{"line":99,"column":10},"end":{"line":100,"column":37}},{"start":{"line":101,"column":10},"end":{"line":102,"column":37}},{"start":{"line":103,"column":10},"end":{"line":104,"column":61}}],"line":97},"21":{"loc":{"start":{"line":107,"column":10},"end":{"line":112,"column":11}},"type":"if","locations":[{"start":{"line":107,"column":10},"end":{"line":112,"column":11}},{"start":{},"end":{}}],"line":107},"22":{"loc":{"start":{"line":114,"column":10},"end":{"line":119,"column":11}},"type":"if","locations":[{"start":{"line":114,"column":10},"end":{"line":119,"column":11}},{"start":{},"end":{}}],"line":114},"23":{"loc":{"start":{"line":134,"column":8},"end":{"line":159,"column":9}},"type":"if","locations":[{"start":{"line":134,"column":8},"end":{"line":159,"column":9}},{"start":{},"end":{}}],"line":134},"24":{"loc":{"start":{"line":135,"column":10},"end":{"line":142,"column":61}},"type":"binary-expr","locations":[{"start":{"line":135,"column":10},"end":{"line":136,"column":60}},{"start":{"line":137,"column":10},"end":{"line":138,"column":37}},{"start":{"line":139,"column":10},"end":{"line":140,"column":37}},{"start":{"line":141,"column":10},"end":{"line":142,"column":61}}],"line":135},"25":{"loc":{"start":{"line":144,"column":10},"end":{"line":150,"column":11}},"type":"if","locations":[{"start":{"line":144,"column":10},"end":{"line":150,"column":11}},{"start":{},"end":{}}],"line":144},"26":{"loc":{"start":{"line":152,"column":10},"end":{"line":158,"column":11}},"type":"if","locations":[{"start":{"line":152,"column":10},"end":{"line":158,"column":11}},{"start":{},"end":{}}],"line":152}},"s":{"0":1,"1":1,"2":1,"3":1,"4":1,"5":1,"6":1,"7":0,"8":0,"9":0,"10":0,"11":0,"12":0,"13":2,"14":0,"15":2,"16":2,"17":1,"18":1,"19":1,"20":1,"21":1,"22":1,"23":1,"24":0,"25":0,"26":0,"27":0,"28":0,"29":0,"30":0,"31":0,"32":0,"33":0,"34":0,"35":0,"36":0,"37":0,"38":0,"39":0,"40":2,"41":0,"42":2,"43":2,"44":2,"45":2,"46":2,"47":2,"48":2,"49":2,"50":0,"51":0,"52":0,"53":0,"54":0,"55":0,"56":0,"57":0,"58":0,"59":0,"60":0,"61":0,"62":0,"63":0,"64":0,"65":0,"66":0,"67":0,"68":0,"69":0,"70":0,"71":0,"72":0,"73":0,"74":0,"75":0,"76":0,"77":0,"78":0,"79":0,"80":0,"81":1},"f":{"0":1,"1":0,"2":2,"3":2,"4":0,"5":0,"6":0,"7":0},"b":{"0":[1],"1":[0,2],"2":[1,1],"3":[2,1],"4":[1,0],"5":[1,1],"6":[0,0],"7":[0,0],"8":[0,0],"9":[0,0],"10":[0,0],"11":[0,0],"12":[0,0],"13":[0,0],"14":[0,2],"15":[2,0],"16":[2,1,0,0],"17":[0,0],"18":[0,0,0,0],"19":[0,0],"20":[0,0,0,0],"21":[0,0],"22":[0,0],"23":[0,0],"24":[0,0,0,0],"25":[0,0],"26":[0,0]},"_coverageSchema":"1a1c01bbd47fc00a2c39e90264f33305004495a9","hash":"63270efb4fbfd9e4fa8bcf7927671bcdf7e366cf"}
,"C:\\Users\\valrus1808\\OneDrive\\Робочий стіл\\навчання\\Kursova\\js\\Sprite.js": {"path":"C:\\Users\\valrus1808\\OneDrive\\Робочий стіл\\навчання\\Kursova\\js\\Sprite.js","statementMap":{"0":{"start":{"line":12,"column":6},"end":{"line":12,"column":30}},"1":{"start":{"line":20,"column":6},"end":{"line":23,"column":7}},"2":{"start":{"line":24,"column":6},"end":{"line":24,"column":31}},"3":{"start":{"line":25,"column":6},"end":{"line":25,"column":25}},"4":{"start":{"line":26,"column":6},"end":{"line":26,"column":32}},"5":{"start":{"line":27,"column":6},"end":{"line":27,"column":27}},"6":{"start":{"line":28,"column":6},"end":{"line":28,"column":48}},"7":{"start":{"line":29,"column":6},"end":{"line":29,"column":28}},"8":{"start":{"line":30,"column":6},"end":{"line":30,"column":36}},"9":{"start":{"line":31,"column":6},"end":{"line":31,"column":34}},"10":{"start":{"line":32,"column":6},"end":{"line":32,"column":22}},"11":{"start":{"line":33,"column":6},"end":{"line":33,"column":30}},"12":{"start":{"line":34,"column":6},"end":{"line":34,"column":27}},"13":{"start":{"line":36,"column":6},"end":{"line":46,"column":7}},"14":{"start":{"line":37,"column":8},"end":{"line":45,"column":9}},"15":{"start":{"line":38,"column":24},"end":{"line":41,"column":11}},"16":{"start":{"line":43,"column":10},"end":{"line":43,"column":51}},"17":{"start":{"line":44,"column":10},"end":{"line":44,"column":44}},"18":{"start":{"line":49,"column":6},"end":{"line":49,"column":30}},"19":{"start":{"line":49,"column":24},"end":{"line":49,"column":30}},"20":{"start":{"line":50,"column":22},"end":{"line":57,"column":7}},"21":{"start":{"line":59,"column":6},"end":{"line":69,"column":7}},"22":{"start":{"line":71,"column":6},"end":{"line":71,"column":25}},"23":{"start":{"line":75,"column":6},"end":{"line":75,"column":26}},"24":{"start":{"line":79,"column":6},"end":{"line":79,"column":32}},"25":{"start":{"line":79,"column":26},"end":{"line":79,"column":32}},"26":{"start":{"line":80,"column":6},"end":{"line":83,"column":7}},"27":{"start":{"line":81,"column":8},"end":{"line":81,"column":29}},"28":{"start":{"line":82,"column":8},"end":{"line":82,"column":14}},"29":{"start":{"line":84,"column":6},"end":{"line":84,"column":26}},"30":{"start":{"line":85,"column":6},"end":{"line":88,"column":7}},"31":{"start":{"line":86,"column":8},"end":{"line":87,"column":49}},"32":{"start":{"line":86,"column":52},"end":{"line":86,"column":71}},"33":{"start":{"line":87,"column":13},"end":{"line":87,"column":49}},"34":{"start":{"line":87,"column":28},"end":{"line":87,"column":49}},"35":{"start":{"line":92,"column":2},"end":{"line":92,"column":26}}},"fnMap":{"0":{"name":"(anonymous_0)","decl":{"start":{"line":3,"column":4},"end":{"line":3,"column":5}},"loc":{"start":{"line":11,"column":7},"end":{"line":47,"column":5}},"line":11},"1":{"name":"(anonymous_1)","decl":{"start":{"line":48,"column":4},"end":{"line":48,"column":5}},"loc":{"start":{"line":48,"column":11},"end":{"line":72,"column":5}},"line":48},"2":{"name":"(anonymous_2)","decl":{"start":{"line":74,"column":4},"end":{"line":74,"column":5}},"loc":{"start":{"line":74,"column":11},"end":{"line":76,"column":5}},"line":74},"3":{"name":"(anonymous_3)","decl":{"start":{"line":78,"column":4},"end":{"line":78,"column":5}},"loc":{"start":{"line":78,"column":19},"end":{"line":89,"column":5}},"line":78}},"branchMap":{"0":{"loc":{"start":{"line":6,"column":6},"end":{"line":6,"column":19}},"type":"default-arg","locations":[{"start":{"line":6,"column":18},"end":{"line":6,"column":19}}],"line":6},"1":{"loc":{"start":{"line":8,"column":6},"end":{"line":8,"column":21}},"type":"default-arg","locations":[{"start":{"line":8,"column":20},"end":{"line":8,"column":21}}],"line":8},"2":{"loc":{"start":{"line":9,"column":6},"end":{"line":9,"column":17}},"type":"default-arg","locations":[{"start":{"line":9,"column":13},"end":{"line":9,"column":17}}],"line":9},"3":{"loc":{"start":{"line":10,"column":6},"end":{"line":10,"column":21}},"type":"default-arg","locations":[{"start":{"line":10,"column":17},"end":{"line":10,"column":21}}],"line":10},"4":{"loc":{"start":{"line":36,"column":6},"end":{"line":46,"column":7}},"type":"if","locations":[{"start":{"line":36,"column":6},"end":{"line":46,"column":7}},{"start":{},"end":{}}],"line":36},"5":{"loc":{"start":{"line":49,"column":6},"end":{"line":49,"column":30}},"type":"if","locations":[{"start":{"line":49,"column":6},"end":{"line":49,"column":30}},{"start":{},"end":{}}],"line":49},"6":{"loc":{"start":{"line":79,"column":6},"end":{"line":79,"column":32}},"type":"if","locations":[{"start":{"line":79,"column":6},"end":{"line":79,"column":32}},{"start":{},"end":{}}],"line":79},"7":{"loc":{"start":{"line":80,"column":6},"end":{"line":83,"column":7}},"type":"if","locations":[{"start":{"line":80,"column":6},"end":{"line":83,"column":7}},{"start":{},"end":{}}],"line":80},"8":{"loc":{"start":{"line":85,"column":6},"end":{"line":88,"column":7}},"type":"if","locations":[{"start":{"line":85,"column":6},"end":{"line":88,"column":7}},{"start":{},"end":{}}],"line":85},"9":{"loc":{"start":{"line":86,"column":8},"end":{"line":87,"column":49}},"type":"if","locations":[{"start":{"line":86,"column":8},"end":{"line":87,"column":49}},{"start":{"line":87,"column":13},"end":{"line":87,"column":49}}],"line":86},"10":{"loc":{"start":{"line":87,"column":13},"end":{"line":87,"column":49}},"type":"if","locations":[{"start":{"line":87,"column":13},"end":{"line":87,"column":49}},{"start":{},"end":{}}],"line":87}},"s":{"0":4,"1":4,"2":4,"3":4,"4":4,"5":4,"6":4,"7":4,"8":4,"9":4,"10":4,"11":4,"12":4,"13":4,"14":1,"15":8,"16":8,"17":8,"18":0,"19":0,"20":0,"21":0,"22":0,"23":0,"24":0,"25":0,"26":0,"27":0,"28":0,"29":0,"30":0,"31":0,"32":0,"33":0,"34":0,"35":1},"f":{"0":4,"1":0,"2":0,"3":0},"b":{"0":[0],"1":[1],"2":[1],"3":[1],"4":[1,3],"5":[0,0],"6":[0,0],"7":[0,0],"8":[0,0],"9":[0,0],"10":[0,0]},"_coverageSchema":"1a1c01bbd47fc00a2c39e90264f33305004495a9","hash":"fcb9558626f7a3999cc06db0d610ad128ca687f1"}
}
